[2024-01-01 15:51:30][MainThread:28840][task_id:user][user_interface.py:44][INFO][xiao注册成功！]
[2024-01-01 15:51:36][MainThread:28840][task_id:user][user_interface.py:62][INFO][用户xiao登陆成功]
[2024-01-01 15:51:45][MainThread:28840][task_id:bank][bank_interface.py:15][INFO][xiao银行卡激活成功]
[2024-01-01 15:52:00][MainThread:28840][task_id:bank][bank_interface.py:46][INFO][用户【xiao】 存款【100000】成功，当前额度为115000]
[2024-01-01 15:52:29][MainThread:28840][task_id:bank][bank_interface.py:70][INFO][用户xiao 给用户 quan转账15000成功]
[2024-01-01 15:52:29][MainThread:28840][task_id:bank][bank_interface.py:73][INFO][用户quan 接收用户 xiao转账15000成功]
[2024-01-01 15:52:55][MainThread:28840][task_id:bank][bank_interface.py:95][INFO][用户消费金额：60000]
[2024-01-01 15:52:55][MainThread:28840][task_id:shop][shop_interface.py:19][INFO][用户xiao支付60000成功，准备发货]
[2024-01-01 15:54:39][MainThread:31900][task_id:user][user_interface.py:62][INFO][用户xiao登陆成功]
[2024-01-01 16:11:46][MainThread:18372][task_id:user][user_interface.py:62][INFO][用户xiao登陆成功]
[2024-01-01 16:13:09][MainThread:9464][task_id:user][user_interface.py:62][INFO][用户xiao登陆成功]
[2024-01-01 16:13:32][MainThread:9464][task_id:bank][bank_interface.py:95][INFO][用户消费金额：40000]
[2024-01-01 16:13:32][MainThread:9464][task_id:shop][shop_interface.py:19][INFO][用户xiao支付40000成功，准备发货]
[2024-01-01 16:19:14][MainThread:29068][task_id:user][user_interface.py:62][INFO][用户xiao登陆成功]
[2024-01-01 16:19:36][MainThread:29068][task_id:bank][bank_interface.py:95][INFO][用户消费金额：40000]
[2024-01-01 16:19:36][MainThread:29068][task_id:shop][shop_interface.py:19][INFO][用户xiao支付40000成功，准备发货]
[2024-01-01 16:25:05][MainThread:32876][task_id:user][user_interface.py:62][INFO][用户xiao登陆成功]
[2024-01-01 16:25:22][MainThread:32876][task_id:bank][bank_interface.py:95][INFO][用户消费金额：20000]
[2024-01-01 16:25:22][MainThread:32876][task_id:shop][shop_interface.py:19][INFO][用户xiao支付20000成功，准备发货]
[2024-01-01 16:33:13][MainThread:2196][task_id:user][user_interface.py:62][INFO][用户xiao登陆成功]
[2024-01-01 16:33:42][MainThread:2196][task_id:bank][bank_interface.py:95][INFO][用户消费金额：40000]
[2024-01-01 16:33:42][MainThread:2196][task_id:shop][shop_interface.py:19][INFO][用户xiao支付40000成功，准备发货]
[2024-01-01 16:35:21][MainThread:34424][task_id:user][user_interface.py:62][INFO][用户xiao登陆成功]
[2024-01-01 16:35:36][MainThread:34424][task_id:bank][bank_interface.py:95][INFO][用户消费金额：40000]
[2024-01-01 16:35:36][MainThread:34424][task_id:shop][shop_interface.py:19][INFO][用户xiao支付40000成功，准备发货]
[2024-01-01 16:37:23][MainThread:4584][task_id:user][user_interface.py:62][INFO][用户xiao登陆成功]
[2024-01-01 16:37:36][MainThread:4584][task_id:bank][bank_interface.py:95][INFO][用户消费金额：20000]
[2024-01-01 16:37:36][MainThread:4584][task_id:shop][shop_interface.py:19][INFO][用户xiao支付20000成功，准备发货]
[2024-01-01 16:39:45][MainThread:23944][task_id:user][user_interface.py:62][INFO][用户xiao登陆成功]
[2024-01-01 16:39:54][MainThread:23944][task_id:bank][bank_interface.py:95][INFO][用户消费金额：20000]
[2024-01-01 16:39:54][MainThread:23944][task_id:shop][shop_interface.py:19][INFO][用户xiao支付20000成功，准备发货]
